[
 {
  "t": 683,
  "points": [],
  "frozen": [
   {
    "type": "bezier",
    "step": 5,
    "age": 485,
    "oldestAge": 485,
    "life": 800,
    "endX": 586.8,
    "endY": 495.1,
    "rel": false,
    "nPts": null
   }
  ],
  "recovery": true,
  "recoveryTimer": 113
 },
 {
  "t": 700,
  "points": [],
  "frozen": [
   {
    "type": "bezier",
    "step": 5,
    "age": 502,
    "oldestAge": 502,
    "life": 800,
    "endX": 586.8,
    "endY": 495.1,
    "rel": false,
    "nPts": null
   }
  ],
  "recovery": true,
  "recoveryTimer": 97
 },
 {
  "t": 716,
  "points": [],
  "frozen": [
   {
    "type": "bezier",
    "step": 5,
    "age": 518,
    "oldestAge": 518,
    "life": 800,
    "endX": 586.8,
    "endY": 495.1,
    "rel": false,
    "nPts": null
   }
  ],
  "recovery": true,
  "recoveryTimer": 80
 },
 {
  "t": 733,
  "points": [],
  "frozen": [
   {
    "type": "bezier",
    "step": 5,
    "age": 535,
    "oldestAge": 535,
    "life": 800,
    "endX": 586.8,
    "endY": 495.1,
    "rel": false,
    "nPts": null
   }
  ],
  "recovery": true,
  "recoveryTimer": 63
 },
 {
  "t": 750,
  "points": [],
  "frozen": [
   {
    "type": "bezier",
    "step": 5,
    "age": 552,
    "oldestAge": 552,
    "life": 800,
    "endX": 586.8,
    "endY": 495.1,
    "rel": false,
    "nPts": null
   }
  ],
  "recovery": true,
  "recoveryTimer": 47
 },
 {
  "t": 766,
  "points": [],
  "frozen": [
   {
    "type": "bezier",
    "step": 5,
    "age": 568,
    "oldestAge": 568,
    "life": 800,
    "endX": 586.8,
    "endY": 495.1,
    "rel": false,
    "nPts": null
   }
  ],
  "recovery": true,
  "recoveryTimer": 30
 }
]
