{"t":57,"endX":516.99,"endY":384.93,"pxEndY":249,"pxEndX":454,"cnt":145,"maxB":255,"frozen":false,"attacking":true,"grounded":false,"py":225.9}
{"t":66,"endX":469.55,"endY":318.17,"pxEndY":250,"pxEndX":455,"cnt":269,"maxB":255,"frozen":false,"attacking":true,"grounded":false,"py":225.5}
{"t":89,"endX":431.59,"endY":264.47,"pxEndY":250,"pxEndX":452,"cnt":265,"maxB":255,"frozen":false,"attacking":true,"grounded":false,"py":225.1}
{"t":101,"endX":405.62,"endY":226.16,"pxEndY":251,"pxEndX":453,"cnt":264,"maxB":255,"frozen":false,"attacking":true,"grounded":false,"py":224.7}
{"t":118,"endX":391.87,"endY":202.82,"pxEndY":251,"pxEndX":451,"cnt":264,"maxB":255,"frozen":false,"attacking":true,"grounded":false,"py":224.3}
{"t":135,"endX":385.89,"endY":189.44,"pxEndY":248,"pxEndX":447,"cnt":185,"maxB":255,"frozen":false,"attacking":true,"grounded":false,"py":223.9}
{"t":152,"endX":383.27,"endY":181.38,"pxEndY":240,"pxEndX":447,"cnt":142,"maxB":255,"frozen":false,"attacking":true,"grounded":false,"py":223.5}
{"t":168,"endX":382.03,"endY":176.86,"pxEndY":235,"pxEndX":457,"cnt":105,"maxB":255,"frozen":false,"attacking":true,"grounded":false,"py":223.1}
{"t":184,"endX":381.95,"endY":170.84,"pxEndY":190,"pxEndX":411,"cnt":172,"maxB":232,"frozen":false,"attacking":true,"grounded":false,"py":230.5}
{"t":200,"endX":384.44,"endY":168.83,"pxEndY":188,"pxEndX":423,"cnt":294,"maxB":232,"frozen":false,"attacking":true,"grounded":false,"py":241.5}
{"t":218,"endX":539.95,"endY":274.36,"pxEndY":274,"pxEndX":449,"cnt":764,"maxB":255,"frozen":false,"attacking":true,"grounded":false,"py":254.5}
{"t":234,"endX":559.22,"endY":296.27,"pxEndY":285,"pxEndX":459,"cnt":767,"maxB":255,"frozen":false,"attacking":true,"grounded":false,"py":269.1}
{"t":251,"endX":568.06,"endY":316.82,"pxEndY":297,"pxEndX":468,"cnt":899,"maxB":255,"frozen":false,"attacking":true,"grounded":false,"py":285.2}
{"t":267,"endX":572.39,"endY":336.8,"pxEndY":313,"pxEndX":472,"cnt":878,"maxB":255,"frozen":false,"attacking":true,"grounded":false,"py":302.6}
{"t":284,"endX":575.02,"endY":356.17,"pxEndY":331,"pxEndX":475,"cnt":914,"maxB":255,"frozen":false,"attacking":true,"grounded":false,"py":321.4}
{"t":301,"endX":576.75,"endY":374.77,"pxEndY":352,"pxEndX":476,"cnt":1197,"maxB":255,"frozen":false,"attacking":true,"grounded":false,"py":341.5}
{"t":318,"endX":577.82,"endY":392.63,"pxEndY":373,"pxEndX":477,"cnt":1531,"maxB":255,"frozen":false,"attacking":true,"grounded":false,"py":362.9}
{"t":334,"endX":578.91,"endY":413.18,"pxEndY":403,"pxEndX":576,"cnt":1809,"maxB":255,"frozen":false,"attacking":true,"grounded":false,"py":385.7}
{"t":351,"endX":580.35,"endY":436.85,"pxEndY":436,"pxEndX":579,"cnt":1933,"maxB":255,"frozen":false,"attacking":true,"grounded":false,"py":409.8}
{"t":368,"endX":581.92,"endY":461.48,"pxEndY":460,"pxEndX":579,"cnt":1915,"maxB":255,"frozen":false,"attacking":true,"grounded":false,"py":435.3}
{"t":385,"endX":583.46,"endY":486.74,"pxEndY":486,"pxEndX":583,"cnt":1918,"maxB":255,"frozen":false,"attacking":true,"grounded":true,"py":440}
{"t":401,"endX":584.7,"endY":492.94,"pxEndY":492,"pxEndX":583,"cnt":1917,"maxB":255,"frozen":false,"attacking":true,"grounded":true,"py":440}
{"t":417,"endX":585.76,"endY":494.5,"pxEndY":493,"pxEndX":582,"cnt":1910,"maxB":255,"frozen":false,"attacking":true,"grounded":true,"py":440}
{"t":434,"endX":586.85,"endY":495.07,"pxEndY":482,"pxEndX":585,"cnt":1736,"maxB":255,"frozen":true,"attacking":true,"grounded":true,"py":440}
{"t":451,"endX":586.85,"endY":495.07,"pxEndY":482,"pxEndX":585,"cnt":1560,"maxB":255,"frozen":true,"attacking":true,"grounded":true,"py":440}
{"t":468,"endX":586.85,"endY":495.07,"pxEndY":482,"pxEndX":585,"cnt":1290,"maxB":255,"frozen":true,"attacking":true,"grounded":true,"py":440}
{"t":484,"endX":586.85,"endY":495.07,"pxEndY":482,"pxEndX":586,"cnt":989,"maxB":255,"frozen":true,"attacking":true,"grounded":true,"py":440}
{"t":501,"endX":586.85,"endY":495.07,"pxEndY":482,"pxEndX":586,"cnt":592,"maxB":255,"frozen":true,"attacking":true,"grounded":true,"py":440}
{"t":517,"endX":586.85,"endY":495.07,"pxEndY":476,"pxEndX":585,"cnt":257,"maxB":255,"frozen":true,"attacking":true,"grounded":true,"py":440}
{"t":534,"endX":586.85,"endY":495.07,"pxEndY":489,"pxEndX":586,"cnt":225,"maxB":255,"frozen":true,"attacking":false,"grounded":true,"py":440}
{"t":550,"endX":586.85,"endY":495.07,"pxEndY":488,"pxEndX":580,"cnt":188,"maxB":255,"frozen":true,"attacking":false,"grounded":true,"py":440}
{"t":567,"endX":586.85,"endY":495.07,"pxEndY":488,"pxEndX":580,"cnt":141,"maxB":255,"frozen":true,"attacking":false,"grounded":true,"py":440}
{"t":584,"endX":586.85,"endY":495.07,"pxEndY":488,"pxEndX":580,"cnt":108,"maxB":255,"frozen":true,"attacking":false,"grounded":true,"py":440}
{"t":601,"endX":586.85,"endY":495.07,"pxEndY":488,"pxEndX":580,"cnt":73,"maxB":255,"frozen":true,"attacking":false,"grounded":true,"py":440}
{"t":617,"endX":586.85,"endY":495.07,"pxEndY":488,"pxEndX":580,"cnt":73,"maxB":255,"frozen":true,"attacking":false,"grounded":true,"py":440}
{"t":634,"endX":586.85,"endY":495.07,"pxEndY":488,"pxEndX":580,"cnt":70,"maxB":255,"frozen":true,"attacking":false,"grounded":true,"py":440}
{"t":650,"endX":586.85,"endY":495.07,"pxEndY":487,"pxEndX":581,"cnt":68,"maxB":255,"frozen":true,"attacking":false,"grounded":true,"py":440}
{"t":667,"endX":586.85,"endY":495.07,"pxEndY":487,"pxEndX":580,"cnt":69,"maxB":255,"frozen":true,"attacking":false,"grounded":true,"py":440}
{"t":684,"endX":586.85,"endY":495.07,"pxEndY":487,"pxEndX":580,"cnt":71,"maxB":255,"frozen":true,"attacking":false,"grounded":true,"py":440}
{"t":700,"endX":586.85,"endY":495.07,"pxEndY":452,"pxEndX":486,"cnt":70,"maxB":255,"frozen":true,"attacking":false,"grounded":true,"py":440}
{"t":717,"endX":586.85,"endY":495.07,"pxEndY":487,"pxEndX":580,"cnt":71,"maxB":255,"frozen":true,"attacking":false,"grounded":true,"py":440}
{"t":734,"endX":586.85,"endY":495.07,"pxEndY":452,"pxEndX":486,"cnt":69,"maxB":255,"frozen":true,"attacking":false,"grounded":true,"py":440}
{"t":751,"endX":586.85,"endY":495.07,"pxEndY":452,"pxEndX":486,"cnt":70,"maxB":255,"frozen":true,"attacking":false,"grounded":true,"py":440}
{"t":767,"endX":586.85,"endY":495.07,"pxEndY":452,"pxEndX":486,"cnt":70,"maxB":255,"frozen":true,"attacking":false,"grounded":true,"py":440}
{"t":784,"endX":586.85,"endY":495.07,"pxEndY":452,"pxEndX":486,"cnt":68,"maxB":255,"frozen":true,"attacking":false,"grounded":true,"py":440}
{"t":801,"endX":586.85,"endY":495.07,"pxEndY":452,"pxEndX":486,"cnt":69,"maxB":255,"frozen":true,"attacking":false,"grounded":true,"py":440}
{"t":846,"endX":586.85,"endY":495.07,"pxEndY":452,"pxEndX":486,"cnt":70,"maxB":255,"frozen":true,"attacking":false,"grounded":true,"py":440}
{"t":848,"endX":586.85,"endY":495.07,"pxEndY":452,"pxEndX":486,"cnt":70,"maxB":255,"frozen":true,"attacking":false,"grounded":true,"py":440}
{"t":851,"endX":586.85,"endY":495.07,"pxEndY":451,"pxEndX":486,"cnt":67,"maxB":255,"frozen":true,"attacking":false,"grounded":true,"py":440}
{"t":867,"endX":586.85,"endY":495.07,"pxEndY":451,"pxEndX":486,"cnt":67,"maxB":255,"frozen":true,"attacking":false,"grounded":true,"py":440}
{"t":884,"endX":586.85,"endY":495.07,"pxEndY":451,"pxEndX":486,"cnt":67,"maxB":255,"frozen":true,"attacking":false,"grounded":true,"py":440}
{"t":900,"endX":586.85,"endY":495.07,"pxEndY":451,"pxEndX":486,"cnt":67,"maxB":255,"frozen":true,"attacking":false,"grounded":true,"py":440}
{"t":918,"endX":586.85,"endY":495.07,"pxEndY":451,"pxEndX":486,"cnt":67,"maxB":255,"frozen":true,"attacking":false,"grounded":true,"py":440}
{"t":935,"endX":586.85,"endY":495.07,"pxEndY":451,"pxEndX":486,"cnt":66,"maxB":255,"frozen":true,"attacking":false,"grounded":true,"py":440}
{"t":951,"endX":586.85,"endY":495.07,"pxEndY":451,"pxEndX":486,"cnt":66,"maxB":255,"frozen":true,"attacking":false,"grounded":true,"py":440}
{"t":967,"endX":586.85,"endY":495.07,"pxEndY":451,"pxEndX":486,"cnt":69,"maxB":255,"frozen":true,"attacking":false,"grounded":true,"py":440}
{"t":985,"endX":586.85,"endY":495.07,"pxEndY":451,"pxEndX":486,"cnt":69,"maxB":255,"frozen":true,"attacking":false,"grounded":true,"py":440}
{"t":1001,"endX":586.85,"endY":495.07,"pxEndY":451,"pxEndX":486,"cnt":69,"maxB":255,"frozen":true,"attacking":false,"grounded":true,"py":440}
{"t":1017,"endX":586.85,"endY":495.07,"pxEndY":451,"pxEndX":486,"cnt":69,"maxB":255,"frozen":true,"attacking":false,"grounded":true,"py":440}
{"t":1034,"endX":586.85,"endY":495.07,"pxEndY":451,"pxEndX":486,"cnt":69,"maxB":255,"frozen":true,"attacking":false,"grounded":true,"py":440}
{"t":1050,"endX":586.85,"endY":495.07,"pxEndY":451,"pxEndX":486,"cnt":66,"maxB":255,"frozen":true,"attacking":false,"grounded":true,"py":440}
{"t":1067,"endX":586.85,"endY":495.07,"pxEndY":451,"pxEndX":486,"cnt":66,"maxB":255,"frozen":true,"attacking":false,"grounded":true,"py":440}
{"t":1084,"endX":586.85,"endY":495.07,"pxEndY":451,"pxEndX":486,"cnt":67,"maxB":255,"frozen":true,"attacking":false,"grounded":true,"py":440}
{"t":1100,"endX":586.85,"endY":495.07,"pxEndY":451,"pxEndX":486,"cnt":67,"maxB":255,"frozen":true,"attacking":false,"grounded":true,"py":440}
{"t":1117,"endX":586.85,"endY":495.07,"pxEndY":451,"pxEndX":486,"cnt":67,"maxB":255,"frozen":true,"attacking":false,"grounded":true,"py":440}
{"t":1134,"endX":586.85,"endY":495.07,"pxEndY":451,"pxEndX":486,"cnt":67,"maxB":255,"frozen":true,"attacking":false,"grounded":true,"py":440}
{"t":1150,"endX":586.85,"endY":495.07,"pxEndY":451,"pxEndX":486,"cnt":65,"maxB":255,"frozen":true,"attacking":false,"grounded":true,"py":440}
{"t":1168,"endX":586.85,"endY":495.07,"pxEndY":452,"pxEndX":486,"cnt":70,"maxB":255,"frozen":true,"attacking":false,"grounded":true,"py":440}
{"t":1184,"endX":586.85,"endY":495.07,"pxEndY":452,"pxEndX":486,"cnt":70,"maxB":255,"frozen":true,"attacking":false,"grounded":true,"py":440}
{"t":1201,"endX":586.85,"endY":495.07,"pxEndY":452,"pxEndX":486,"cnt":69,"maxB":255,"frozen":true,"attacking":false,"grounded":true,"py":440}
{"t":1217,"endX":586.85,"endY":495.07,"pxEndY":452,"pxEndX":486,"cnt":68,"maxB":255,"frozen":true,"attacking":false,"grounded":true,"py":440}
{"t":1234,"endX":586.85,"endY":495.07,"pxEndY":452,"pxEndX":486,"cnt":70,"maxB":255,"frozen":true,"attacking":false,"grounded":true,"py":440}
{"t":1250,"endX":586.85,"endY":495.07,"pxEndY":452,"pxEndX":486,"cnt":69,"maxB":255,"frozen":true,"attacking":false,"grounded":true,"py":440}
{"t":1267,"endX":586.85,"endY":495.07,"pxEndY":452,"pxEndX":486,"cnt":66,"maxB":255,"frozen":true,"attacking":false,"grounded":true,"py":440}
{"t":1284,"endX":586.85,"endY":495.07,"pxEndY":452,"pxEndX":486,"cnt":70,"maxB":255,"frozen":true,"attacking":false,"grounded":true,"py":440}
{"t":1301,"endX":586.85,"endY":495.07,"pxEndY":452,"pxEndX":486,"cnt":70,"maxB":255,"frozen":true,"attacking":false,"grounded":true,"py":440}
{"t":1317,"endX":586.85,"endY":495.07,"pxEndY":452,"pxEndX":486,"cnt":66,"maxB":255,"frozen":true,"attacking":false,"grounded":true,"py":440}
{"t":1334,"endX":586.85,"endY":495.07,"pxEndY":452,"pxEndX":486,"cnt":67,"maxB":255,"frozen":true,"attacking":false,"grounded":true,"py":440}
{"t":1350,"endX":586.85,"endY":495.07,"pxEndY":452,"pxEndX":486,"cnt":67,"maxB":255,"frozen":true,"attacking":false,"grounded":true,"py":440}
{"t":1367,"endX":586.85,"endY":495.07,"pxEndY":452,"pxEndX":486,"cnt":67,"maxB":255,"frozen":true,"attacking":false,"grounded":true,"py":440}
{"t":1384,"endX":586.85,"endY":495.07,"pxEndY":453,"pxEndX":486,"cnt":70,"maxB":255,"frozen":true,"attacking":false,"grounded":true,"py":440}
{"t":1400,"endX":586.85,"endY":495.07,"pxEndY":453,"pxEndX":486,"cnt":70,"maxB":255,"frozen":true,"attacking":false,"grounded":true,"py":440}
{"t":1418,"endX":586.85,"endY":495.07,"pxEndY":453,"pxEndX":486,"cnt":69,"maxB":255,"frozen":true,"attacking":false,"grounded":true,"py":440}
{"t":1434,"endX":586.85,"endY":495.07,"pxEndY":453,"pxEndX":486,"cnt":70,"maxB":255,"frozen":true,"attacking":false,"grounded":true,"py":440}
{"t":1450,"endX":586.85,"endY":495.07,"pxEndY":453,"pxEndX":486,"cnt":70,"maxB":255,"frozen":true,"attacking":false,"grounded":true,"py":440}
{"t":1467,"endX":586.85,"endY":495.07,"pxEndY":453,"pxEndX":486,"cnt":69,"maxB":255,"frozen":true,"attacking":false,"grounded":true,"py":440}
{"t":1484,"endX":586.85,"endY":495.07,"pxEndY":453,"pxEndX":486,"cnt":69,"maxB":255,"frozen":true,"attacking":false,"grounded":true,"py":440}
{"t":1500,"endX":586.85,"endY":495.07,"pxEndY":453,"pxEndX":486,"cnt":66,"maxB":255,"frozen":true,"attacking":false,"grounded":true,"py":440}
{"t":1517,"endX":586.85,"endY":495.07,"pxEndY":453,"pxEndX":486,"cnt":70,"maxB":255,"frozen":true,"attacking":false,"grounded":true,"py":440}
{"t":1534,"endX":586.85,"endY":495.07,"pxEndY":453,"pxEndX":486,"cnt":70,"maxB":255,"frozen":true,"attacking":false,"grounded":true,"py":440}
{"t":1550,"endX":586.85,"endY":495.07,"pxEndY":453,"pxEndX":486,"cnt":70,"maxB":255,"frozen":true,"attacking":false,"grounded":true,"py":440}
{"t":1567,"endX":586.85,"endY":495.07,"pxEndY":453,"pxEndX":486,"cnt":69,"maxB":255,"frozen":true,"attacking":false,"grounded":true,"py":440}
{"t":1584,"endX":586.85,"endY":495.07,"pxEndY":453,"pxEndX":486,"cnt":69,"maxB":255,"frozen":true,"attacking":false,"grounded":true,"py":440}
{"t":1601,"endX":586.85,"endY":495.07,"pxEndY":453,"pxEndX":486,"cnt":69,"maxB":255,"frozen":true,"attacking":false,"grounded":true,"py":440}
{"t":1618,"endX":586.85,"endY":495.07,"pxEndY":453,"pxEndX":486,"cnt":69,"maxB":255,"frozen":true,"attacking":false,"grounded":true,"py":440}
{"t":1634,"endX":586.85,"endY":495.07,"pxEndY":453,"pxEndX":486,"cnt":69,"maxB":255,"frozen":true,"attacking":false,"grounded":true,"py":440}
{"t":1650,"endX":586.85,"endY":495.07,"pxEndY":453,"pxEndX":486,"cnt":69,"maxB":255,"frozen":true,"attacking":false,"grounded":true,"py":440}
{"t":1667,"endX":586.85,"endY":495.07,"pxEndY":453,"pxEndX":486,"cnt":69,"maxB":255,"frozen":true,"attacking":false,"grounded":true,"py":440}
{"t":1684,"endX":586.85,"endY":495.07,"pxEndY":453,"pxEndX":486,"cnt":69,"maxB":255,"frozen":true,"attacking":false,"grounded":true,"py":440}
{"t":1700,"endX":586.85,"endY":495.07,"pxEndY":453,"pxEndX":486,"cnt":70,"maxB":255,"frozen":true,"attacking":false,"grounded":true,"py":440}
{"t":1718,"endX":586.85,"endY":495.07,"pxEndY":453,"pxEndX":486,"cnt":70,"maxB":255,"frozen":true,"attacking":false,"grounded":true,"py":440}
{"t":1735,"endX":586.85,"endY":495.07,"pxEndY":453,"pxEndX":486,"cnt":70,"maxB":255,"frozen":true,"attacking":false,"grounded":true,"py":440}
{"t":1751,"endX":586.85,"endY":495.07,"pxEndY":453,"pxEndX":486,"cnt":70,"maxB":255,"frozen":true,"attacking":false,"grounded":true,"py":440}
{"t":1767,"endX":586.85,"endY":495.07,"pxEndY":453,"pxEndX":486,"cnt":69,"maxB":255,"frozen":true,"attacking":false,"grounded":true,"py":440}
{"t":1784,"endX":586.85,"endY":495.07,"pxEndY":453,"pxEndX":486,"cnt":69,"maxB":255,"frozen":true,"attacking":false,"grounded":true,"py":440}
{"t":1800,"endX":586.85,"endY":495.07,"pxEndY":453,"pxEndX":486,"cnt":70,"maxB":255,"frozen":true,"attacking":false,"grounded":true,"py":440}
{"t":1817,"endX":586.85,"endY":495.07,"pxEndY":453,"pxEndX":486,"cnt":70,"maxB":255,"frozen":true,"attacking":false,"grounded":true,"py":440}
{"t":1834,"endX":586.85,"endY":495.07,"pxEndY":453,"pxEndX":486,"cnt":69,"maxB":255,"frozen":true,"attacking":false,"grounded":true,"py":440}
{"t":1850,"endX":586.85,"endY":495.07,"pxEndY":453,"pxEndX":486,"cnt":69,"maxB":255,"frozen":true,"attacking":false,"grounded":true,"py":440}
{"t":1868,"endX":586.85,"endY":495.07,"pxEndY":453,"pxEndX":486,"cnt":70,"maxB":255,"frozen":true,"attacking":false,"grounded":true,"py":440}
{"t":1884,"endX":586.85,"endY":495.07,"pxEndY":452,"pxEndX":486,"cnt":65,"maxB":255,"frozen":true,"attacking":false,"grounded":true,"py":440}
{"t":1900,"endX":586.85,"endY":495.07,"pxEndY":452,"pxEndX":486,"cnt":67,"maxB":255,"frozen":true,"attacking":false,"grounded":true,"py":440}
{"t":1917,"endX":586.85,"endY":495.07,"pxEndY":452,"pxEndX":486,"cnt":67,"maxB":255,"frozen":true,"attacking":false,"grounded":true,"py":440}
{"t":1934,"endX":586.85,"endY":495.07,"pxEndY":452,"pxEndX":486,"cnt":66,"maxB":255,"frozen":true,"attacking":false,"grounded":true,"py":440}
{"t":1950,"endX":586.85,"endY":495.07,"pxEndY":452,"pxEndX":486,"cnt":69,"maxB":255,"frozen":true,"attacking":false,"grounded":true,"py":440}
{"t":1967,"endX":586.85,"endY":495.07,"pxEndY":452,"pxEndX":486,"cnt":70,"maxB":255,"frozen":true,"attacking":false,"grounded":true,"py":440}
{"t":1985,"endX":586.85,"endY":495.07,"pxEndY":452,"pxEndX":486,"cnt":66,"maxB":255,"frozen":true,"attacking":false,"grounded":true,"py":440}
{"t":2001,"endX":586.85,"endY":495.07,"pxEndY":452,"pxEndX":486,"cnt":69,"maxB":255,"frozen":true,"attacking":false,"grounded":true,"py":440}
SUMMARY {"char":"ninja","scenario":"air","analyticEndOsc":{"flips":1,"maxAmp":105.5},"pixelEndOsc":{"flips":9,"maxAmp":86},"frames":118}
