{"t":3,"endX":690.66,"endY":441.56,"pxEndY":-1,"pxEndX":-1,"cnt":0,"maxB":0,"frozen":false,"attacking":true,"grounded":false,"py":391.6}
{"t":59,"endX":601.39,"endY":406.15,"pxEndY":-1,"pxEndX":-1,"cnt":0,"maxB":0,"frozen":false,"attacking":true,"grounded":false,"py":391.2}
{"t":83,"endX":528.45,"endY":374.69,"pxEndY":-1,"pxEndX":-1,"cnt":0,"maxB":0,"frozen":false,"attacking":true,"grounded":false,"py":390.8}
{"t":99,"endX":477.66,"endY":347.14,"pxEndY":-1,"pxEndX":-1,"cnt":0,"maxB":0,"frozen":false,"attacking":true,"grounded":false,"py":390.4}
{"t":115,"endX":450.46,"endY":324.87,"pxEndY":-1,"pxEndX":-1,"cnt":0,"maxB":0,"frozen":false,"attacking":true,"grounded":false,"py":390}
{"t":132,"endX":438.54,"endY":308.68,"pxEndY":-1,"pxEndX":-1,"cnt":0,"maxB":0,"frozen":false,"attacking":true,"grounded":false,"py":389.6}
{"t":149,"endX":433.28,"endY":297.51,"pxEndY":-1,"pxEndX":-1,"cnt":0,"maxB":0,"frozen":false,"attacking":true,"grounded":false,"py":389.2}
{"t":166,"endX":430.83,"endY":291.03,"pxEndY":300,"pxEndX":471,"cnt":430,"maxB":232,"frozen":false,"attacking":true,"grounded":false,"py":388.8}
{"t":182,"endX":430.73,"endY":281.4,"pxEndY":299,"pxEndX":479,"cnt":708,"maxB":236,"frozen":false,"attacking":true,"grounded":true,"py":392}
{"t":199,"endX":437.83,"endY":269.16,"pxEndY":298,"pxEndX":493,"cnt":861,"maxB":240,"frozen":false,"attacking":true,"grounded":true,"py":392}
{"t":215,"endX":746.03,"endY":461.12,"pxEndY":-1,"pxEndX":-1,"cnt":0,"maxB":0,"frozen":false,"attacking":true,"grounded":true,"py":392}
{"t":232,"endX":780.38,"endY":483.52,"pxEndY":-1,"pxEndX":-1,"cnt":0,"maxB":0,"frozen":false,"attacking":true,"grounded":true,"py":392}
{"t":248,"endX":796.41,"endY":495.75,"pxEndY":-1,"pxEndX":-1,"cnt":0,"maxB":0,"frozen":false,"attacking":true,"grounded":true,"py":392}
{"t":265,"endX":804.19,"endY":503.32,"pxEndY":363,"pxEndX":748,"cnt":8,"maxB":218,"frozen":false,"attacking":true,"grounded":true,"py":392}
{"t":282,"endX":808.27,"endY":507.9,"pxEndY":401,"pxEndX":782,"cnt":994,"maxB":232,"frozen":false,"attacking":true,"grounded":true,"py":392}
{"t":299,"endX":810.34,"endY":509.66,"pxEndY":440,"pxEndX":799,"cnt":2107,"maxB":232,"frozen":false,"attacking":true,"grounded":true,"py":392}
{"t":315,"endX":811.12,"endY":508.46,"pxEndY":474,"pxEndX":806,"cnt":3087,"maxB":232,"frozen":false,"attacking":true,"grounded":true,"py":392}
{"t":332,"endX":811.4,"endY":506.38,"pxEndY":497,"pxEndX":808,"cnt":3780,"maxB":232,"frozen":false,"attacking":true,"grounded":true,"py":392}
{"t":348,"endX":811.89,"endY":505.09,"pxEndY":504,"pxEndX":808,"cnt":3993,"maxB":231,"frozen":false,"attacking":true,"grounded":true,"py":392}
{"t":365,"endX":812.61,"endY":504.49,"pxEndY":503,"pxEndX":808,"cnt":4019,"maxB":230,"frozen":false,"attacking":true,"grounded":true,"py":392}
{"t":382,"endX":813.43,"endY":504.11,"pxEndY":503,"pxEndX":810,"cnt":4021,"maxB":228,"frozen":false,"attacking":true,"grounded":true,"py":392}
{"t":398,"endX":814.27,"endY":503.8,"pxEndY":503,"pxEndX":811,"cnt":4047,"maxB":227,"frozen":false,"attacking":true,"grounded":true,"py":392}
{"t":415,"endX":815.12,"endY":503.49,"pxEndY":502,"pxEndX":810,"cnt":4035,"maxB":225,"frozen":false,"attacking":true,"grounded":true,"py":392}
{"t":432,"endX":815.96,"endY":503.21,"pxEndY":494,"pxEndX":815,"cnt":3786,"maxB":219,"frozen":true,"attacking":true,"grounded":true,"py":392}
{"t":449,"endX":815.96,"endY":503.21,"pxEndY":493,"pxEndX":810,"cnt":3755,"maxB":212,"frozen":true,"attacking":true,"grounded":true,"py":392}
{"t":465,"endX":815.96,"endY":503.21,"pxEndY":493,"pxEndX":810,"cnt":3358,"maxB":204,"frozen":true,"attacking":true,"grounded":true,"py":392}
{"t":482,"endX":815.96,"endY":503.21,"pxEndY":493,"pxEndX":810,"cnt":2627,"maxB":196,"frozen":true,"attacking":true,"grounded":true,"py":392}
{"t":498,"endX":815.96,"endY":503.21,"pxEndY":493,"pxEndX":811,"cnt":1580,"maxB":188,"frozen":true,"attacking":true,"grounded":true,"py":392}
{"t":515,"endX":815.96,"endY":503.21,"pxEndY":483,"pxEndX":814,"cnt":560,"maxB":179,"frozen":true,"attacking":true,"grounded":true,"py":392}
{"t":533,"endX":815.96,"endY":503.21,"pxEndY":491,"pxEndX":814,"cnt":478,"maxB":175,"frozen":true,"attacking":false,"grounded":true,"py":392}
{"t":549,"endX":815.96,"endY":503.21,"pxEndY":491,"pxEndX":814,"cnt":382,"maxB":172,"frozen":true,"attacking":false,"grounded":true,"py":392}
{"t":565,"endX":815.96,"endY":503.21,"pxEndY":491,"pxEndX":815,"cnt":268,"maxB":168,"frozen":true,"attacking":false,"grounded":true,"py":392}
{"t":582,"endX":815.96,"endY":503.21,"pxEndY":491,"pxEndX":815,"cnt":158,"maxB":164,"frozen":true,"attacking":false,"grounded":true,"py":392}
{"t":598,"endX":815.96,"endY":503.21,"pxEndY":-1,"pxEndX":-1,"cnt":0,"maxB":0,"frozen":true,"attacking":false,"grounded":true,"py":392}
{"t":615,"endX":815.96,"endY":503.21,"pxEndY":-1,"pxEndX":-1,"cnt":0,"maxB":0,"frozen":true,"attacking":false,"grounded":true,"py":392}
{"t":632,"endX":815.96,"endY":503.21,"pxEndY":-1,"pxEndX":-1,"cnt":0,"maxB":0,"frozen":true,"attacking":false,"grounded":true,"py":392}
{"t":648,"endX":815.96,"endY":503.21,"pxEndY":-1,"pxEndX":-1,"cnt":0,"maxB":0,"frozen":true,"attacking":false,"grounded":true,"py":392}
{"t":665,"endX":815.96,"endY":503.21,"pxEndY":-1,"pxEndX":-1,"cnt":0,"maxB":0,"frozen":true,"attacking":false,"grounded":true,"py":392}
{"t":682,"endX":815.96,"endY":503.21,"pxEndY":-1,"pxEndX":-1,"cnt":0,"maxB":0,"frozen":true,"attacking":false,"grounded":true,"py":392}
{"t":699,"endX":815.96,"endY":503.21,"pxEndY":-1,"pxEndX":-1,"cnt":0,"maxB":0,"frozen":true,"attacking":false,"grounded":true,"py":392}
{"t":716,"endX":815.96,"endY":503.21,"pxEndY":-1,"pxEndX":-1,"cnt":0,"maxB":0,"frozen":true,"attacking":false,"grounded":true,"py":392}
{"t":732,"endX":815.96,"endY":503.21,"pxEndY":439,"pxEndX":795,"cnt":1,"maxB":173,"frozen":true,"attacking":false,"grounded":true,"py":392}
{"t":749,"endX":815.96,"endY":503.21,"pxEndY":410,"pxEndX":785,"cnt":3,"maxB":192,"frozen":true,"attacking":false,"grounded":true,"py":392}
{"t":765,"endX":815.96,"endY":503.21,"pxEndY":380,"pxEndX":766,"cnt":9,"maxB":222,"frozen":true,"attacking":false,"grounded":true,"py":392}
{"t":782,"endX":815.96,"endY":503.21,"pxEndY":-1,"pxEndX":-1,"cnt":0,"maxB":0,"frozen":true,"attacking":false,"grounded":true,"py":392}
{"t":799,"endX":815.96,"endY":503.21,"pxEndY":-1,"pxEndX":-1,"cnt":0,"maxB":0,"frozen":true,"attacking":false,"grounded":true,"py":392}
{"t":815,"endX":815.96,"endY":503.21,"pxEndY":-1,"pxEndX":-1,"cnt":0,"maxB":0,"frozen":true,"attacking":false,"grounded":true,"py":392}
{"t":832,"endX":815.96,"endY":503.21,"pxEndY":-1,"pxEndX":-1,"cnt":0,"maxB":0,"frozen":true,"attacking":false,"grounded":true,"py":392}
{"t":849,"endX":815.96,"endY":503.21,"pxEndY":-1,"pxEndX":-1,"cnt":0,"maxB":0,"frozen":true,"attacking":false,"grounded":true,"py":392}
{"t":889,"endX":815.96,"endY":503.21,"pxEndY":-1,"pxEndX":-1,"cnt":0,"maxB":0,"frozen":true,"attacking":false,"grounded":true,"py":392}
{"t":891,"endX":815.96,"endY":503.21,"pxEndY":-1,"pxEndX":-1,"cnt":0,"maxB":0,"frozen":true,"attacking":false,"grounded":true,"py":392}
{"t":898,"endX":815.96,"endY":503.21,"pxEndY":-1,"pxEndX":-1,"cnt":0,"maxB":0,"frozen":true,"attacking":false,"grounded":true,"py":392}
{"t":915,"endX":815.96,"endY":503.21,"pxEndY":-1,"pxEndX":-1,"cnt":0,"maxB":0,"frozen":true,"attacking":false,"grounded":true,"py":392}
{"t":932,"endX":815.96,"endY":503.21,"pxEndY":-1,"pxEndX":-1,"cnt":0,"maxB":0,"frozen":true,"attacking":false,"grounded":true,"py":392}
{"t":949,"endX":815.96,"endY":503.21,"pxEndY":-1,"pxEndX":-1,"cnt":0,"maxB":0,"frozen":true,"attacking":false,"grounded":true,"py":392}
{"t":965,"endX":815.96,"endY":503.21,"pxEndY":-1,"pxEndX":-1,"cnt":0,"maxB":0,"frozen":true,"attacking":false,"grounded":true,"py":392}
{"t":982,"endX":815.96,"endY":503.21,"pxEndY":-1,"pxEndX":-1,"cnt":0,"maxB":0,"frozen":true,"attacking":false,"grounded":true,"py":392}
{"t":999,"endX":815.96,"endY":503.21,"pxEndY":-1,"pxEndX":-1,"cnt":0,"maxB":0,"frozen":true,"attacking":false,"grounded":true,"py":392}
{"t":1015,"endX":815.96,"endY":503.21,"pxEndY":-1,"pxEndX":-1,"cnt":0,"maxB":0,"frozen":true,"attacking":false,"grounded":true,"py":392}
{"t":1032,"endX":815.96,"endY":503.21,"pxEndY":-1,"pxEndX":-1,"cnt":0,"maxB":0,"frozen":true,"attacking":false,"grounded":true,"py":392}
{"t":1048,"endX":815.96,"endY":503.21,"pxEndY":-1,"pxEndX":-1,"cnt":0,"maxB":0,"frozen":true,"attacking":false,"grounded":true,"py":392}
{"t":1065,"endX":815.96,"endY":503.21,"pxEndY":-1,"pxEndX":-1,"cnt":0,"maxB":0,"frozen":true,"attacking":false,"grounded":true,"py":392}
{"t":1082,"endX":815.96,"endY":503.21,"pxEndY":-1,"pxEndX":-1,"cnt":0,"maxB":0,"frozen":true,"attacking":false,"grounded":true,"py":392}
{"t":1098,"endX":815.96,"endY":503.21,"pxEndY":-1,"pxEndX":-1,"cnt":0,"maxB":0,"frozen":true,"attacking":false,"grounded":true,"py":392}
{"t":1115,"endX":815.96,"endY":503.21,"pxEndY":-1,"pxEndX":-1,"cnt":0,"maxB":0,"frozen":true,"attacking":false,"grounded":true,"py":392}
{"t":1132,"endX":815.96,"endY":503.21,"pxEndY":-1,"pxEndX":-1,"cnt":0,"maxB":0,"frozen":true,"attacking":false,"grounded":true,"py":392}
{"t":1149,"endX":815.96,"endY":503.21,"pxEndY":-1,"pxEndX":-1,"cnt":0,"maxB":0,"frozen":true,"attacking":false,"grounded":true,"py":392}
{"t":1165,"endX":815.96,"endY":503.21,"pxEndY":-1,"pxEndX":-1,"cnt":0,"maxB":0,"frozen":true,"attacking":false,"grounded":true,"py":392}
{"t":1182,"endX":815.96,"endY":503.21,"pxEndY":-1,"pxEndX":-1,"cnt":0,"maxB":0,"frozen":true,"attacking":false,"grounded":true,"py":392}
{"t":1198,"endX":815.96,"endY":503.21,"pxEndY":-1,"pxEndX":-1,"cnt":0,"maxB":0,"frozen":true,"attacking":false,"grounded":true,"py":392}
{"t":1215,"endX":815.96,"endY":503.21,"pxEndY":-1,"pxEndX":-1,"cnt":0,"maxB":0,"frozen":true,"attacking":false,"grounded":true,"py":392}
{"t":1232,"endX":815.96,"endY":503.21,"pxEndY":-1,"pxEndX":-1,"cnt":0,"maxB":0,"frozen":true,"attacking":false,"grounded":true,"py":392}
{"t":1248,"endX":815.96,"endY":503.21,"pxEndY":-1,"pxEndX":-1,"cnt":0,"maxB":0,"frozen":true,"attacking":false,"grounded":true,"py":392}
{"t":1265,"endX":815.96,"endY":503.21,"pxEndY":-1,"pxEndX":-1,"cnt":0,"maxB":0,"frozen":true,"attacking":false,"grounded":true,"py":392}
{"t":1282,"endX":815.96,"endY":503.21,"pxEndY":-1,"pxEndX":-1,"cnt":0,"maxB":0,"frozen":true,"attacking":false,"grounded":true,"py":392}
{"t":1298,"endX":815.96,"endY":503.21,"pxEndY":-1,"pxEndX":-1,"cnt":0,"maxB":0,"frozen":true,"attacking":false,"grounded":true,"py":392}
{"t":1315,"endX":815.96,"endY":503.21,"pxEndY":-1,"pxEndX":-1,"cnt":0,"maxB":0,"frozen":true,"attacking":false,"grounded":true,"py":392}
{"t":1332,"endX":815.96,"endY":503.21,"pxEndY":-1,"pxEndX":-1,"cnt":0,"maxB":0,"frozen":true,"attacking":false,"grounded":true,"py":392}
{"t":1348,"endX":815.96,"endY":503.21,"pxEndY":-1,"pxEndX":-1,"cnt":0,"maxB":0,"frozen":true,"attacking":false,"grounded":true,"py":392}
{"t":1365,"endX":815.96,"endY":503.21,"pxEndY":-1,"pxEndX":-1,"cnt":0,"maxB":0,"frozen":true,"attacking":false,"grounded":true,"py":392}
{"t":1382,"endX":815.96,"endY":503.21,"pxEndY":-1,"pxEndX":-1,"cnt":0,"maxB":0,"frozen":true,"attacking":false,"grounded":true,"py":392}
{"t":1399,"endX":815.96,"endY":503.21,"pxEndY":-1,"pxEndX":-1,"cnt":0,"maxB":0,"frozen":true,"attacking":false,"grounded":true,"py":392}
{"t":1415,"endX":815.96,"endY":503.21,"pxEndY":-1,"pxEndX":-1,"cnt":0,"maxB":0,"frozen":true,"attacking":false,"grounded":true,"py":392}
{"t":1432,"endX":815.96,"endY":503.21,"pxEndY":-1,"pxEndX":-1,"cnt":0,"maxB":0,"frozen":true,"attacking":false,"grounded":true,"py":392}
{"t":1448,"endX":815.96,"endY":503.21,"pxEndY":-1,"pxEndX":-1,"cnt":0,"maxB":0,"frozen":true,"attacking":false,"grounded":true,"py":392}
{"t":1465,"endX":815.96,"endY":503.21,"pxEndY":-1,"pxEndX":-1,"cnt":0,"maxB":0,"frozen":true,"attacking":false,"grounded":true,"py":392}
{"t":1482,"endX":815.96,"endY":503.21,"pxEndY":-1,"pxEndX":-1,"cnt":0,"maxB":0,"frozen":true,"attacking":false,"grounded":true,"py":392}
{"t":1498,"endX":815.96,"endY":503.21,"pxEndY":-1,"pxEndX":-1,"cnt":0,"maxB":0,"frozen":true,"attacking":false,"grounded":true,"py":392}
{"t":1515,"endX":815.96,"endY":503.21,"pxEndY":-1,"pxEndX":-1,"cnt":0,"maxB":0,"frozen":true,"attacking":false,"grounded":true,"py":392}
{"t":1532,"endX":815.96,"endY":503.21,"pxEndY":-1,"pxEndX":-1,"cnt":0,"maxB":0,"frozen":true,"attacking":false,"grounded":true,"py":392}
{"t":1548,"endX":815.96,"endY":503.21,"pxEndY":-1,"pxEndX":-1,"cnt":0,"maxB":0,"frozen":true,"attacking":false,"grounded":true,"py":392}
{"t":1565,"endX":815.96,"endY":503.21,"pxEndY":-1,"pxEndX":-1,"cnt":0,"maxB":0,"frozen":true,"attacking":false,"grounded":true,"py":392}
{"t":1583,"endX":815.96,"endY":503.21,"pxEndY":-1,"pxEndX":-1,"cnt":0,"maxB":0,"frozen":true,"attacking":false,"grounded":true,"py":392}
{"t":1598,"endX":815.96,"endY":503.21,"pxEndY":-1,"pxEndX":-1,"cnt":0,"maxB":0,"frozen":true,"attacking":false,"grounded":true,"py":392}
{"t":1615,"endX":815.96,"endY":503.21,"pxEndY":-1,"pxEndX":-1,"cnt":0,"maxB":0,"frozen":true,"attacking":false,"grounded":true,"py":392}
{"t":1632,"endX":815.96,"endY":503.21,"pxEndY":-1,"pxEndX":-1,"cnt":0,"maxB":0,"frozen":true,"attacking":false,"grounded":true,"py":392}
{"t":1649,"endX":815.96,"endY":503.21,"pxEndY":-1,"pxEndX":-1,"cnt":0,"maxB":0,"frozen":true,"attacking":false,"grounded":true,"py":392}
{"t":1665,"endX":815.96,"endY":503.21,"pxEndY":-1,"pxEndX":-1,"cnt":0,"maxB":0,"frozen":true,"attacking":false,"grounded":true,"py":392}
{"t":1682,"endX":815.96,"endY":503.21,"pxEndY":-1,"pxEndX":-1,"cnt":0,"maxB":0,"frozen":true,"attacking":false,"grounded":true,"py":392}
{"t":1698,"endX":815.96,"endY":503.21,"pxEndY":-1,"pxEndX":-1,"cnt":0,"maxB":0,"frozen":true,"attacking":false,"grounded":true,"py":392}
{"t":1715,"endX":815.96,"endY":503.21,"pxEndY":-1,"pxEndX":-1,"cnt":0,"maxB":0,"frozen":true,"attacking":false,"grounded":true,"py":392}
{"t":1732,"endX":815.96,"endY":503.21,"pxEndY":-1,"pxEndX":-1,"cnt":0,"maxB":0,"frozen":true,"attacking":false,"grounded":true,"py":392}
{"t":1749,"endX":815.96,"endY":503.21,"pxEndY":-1,"pxEndX":-1,"cnt":0,"maxB":0,"frozen":true,"attacking":false,"grounded":true,"py":392}
{"t":1765,"endX":815.96,"endY":503.21,"pxEndY":-1,"pxEndX":-1,"cnt":0,"maxB":0,"frozen":true,"attacking":false,"grounded":true,"py":392}
{"t":1782,"endX":815.96,"endY":503.21,"pxEndY":-1,"pxEndX":-1,"cnt":0,"maxB":0,"frozen":true,"attacking":false,"grounded":true,"py":392}
{"t":1799,"endX":815.96,"endY":503.21,"pxEndY":-1,"pxEndX":-1,"cnt":0,"maxB":0,"frozen":true,"attacking":false,"grounded":true,"py":392}
{"t":1815,"endX":815.96,"endY":503.21,"pxEndY":-1,"pxEndX":-1,"cnt":0,"maxB":0,"frozen":true,"attacking":false,"grounded":true,"py":392}
{"t":1832,"endX":815.96,"endY":503.21,"pxEndY":-1,"pxEndX":-1,"cnt":0,"maxB":0,"frozen":true,"attacking":false,"grounded":true,"py":392}
{"t":1848,"endX":815.96,"endY":503.21,"pxEndY":-1,"pxEndX":-1,"cnt":0,"maxB":0,"frozen":true,"attacking":false,"grounded":true,"py":392}
{"t":1865,"endX":815.96,"endY":503.21,"pxEndY":-1,"pxEndX":-1,"cnt":0,"maxB":0,"frozen":true,"attacking":false,"grounded":true,"py":392}
{"t":1882,"endX":815.96,"endY":503.21,"pxEndY":-1,"pxEndX":-1,"cnt":0,"maxB":0,"frozen":true,"attacking":false,"grounded":true,"py":392}
{"t":1898,"endX":815.96,"endY":503.21,"pxEndY":-1,"pxEndX":-1,"cnt":0,"maxB":0,"frozen":true,"attacking":false,"grounded":true,"py":392}
{"t":1915,"endX":815.96,"endY":503.21,"pxEndY":-1,"pxEndX":-1,"cnt":0,"maxB":0,"frozen":true,"attacking":false,"grounded":true,"py":392}
{"t":1932,"endX":815.96,"endY":503.21,"pxEndY":-1,"pxEndX":-1,"cnt":0,"maxB":0,"frozen":true,"attacking":false,"grounded":true,"py":392}
{"t":1948,"endX":815.96,"endY":503.21,"pxEndY":-1,"pxEndX":-1,"cnt":0,"maxB":0,"frozen":true,"attacking":false,"grounded":true,"py":392}
{"t":1965,"endX":815.96,"endY":503.21,"pxEndY":-1,"pxEndX":-1,"cnt":0,"maxB":0,"frozen":true,"attacking":false,"grounded":true,"py":392}
{"t":1982,"endX":815.96,"endY":503.21,"pxEndY":-1,"pxEndX":-1,"cnt":0,"maxB":0,"frozen":true,"attacking":false,"grounded":true,"py":392}
{"t":1998,"endX":815.96,"endY":503.21,"pxEndY":-1,"pxEndX":-1,"cnt":0,"maxB":0,"frozen":true,"attacking":false,"grounded":true,"py":392}
{"t":2016,"endX":815.96,"endY":503.21,"pxEndY":-1,"pxEndX":-1,"cnt":0,"maxB":0,"frozen":true,"attacking":false,"grounded":true,"py":392}
SUMMARY {"char":"shogun","scenario":"ground","analyticEndOsc":{"flips":2,"maxAmp":192},"pixelEndOsc":{"flips":4,"maxAmp":38},"frames":119}
