{"t":57,"endX":796.4,"endY":255.37,"pxEndY":-1,"pxEndX":-1,"cnt":0,"maxB":0,"frozen":false,"attacking":true,"grounded":false,"py":-58.7}
{"t":62,"endX":707.12,"endY":126.85,"pxEndY":-1,"pxEndX":-1,"cnt":0,"maxB":0,"frozen":false,"attacking":true,"grounded":false,"py":-59.1}
{"t":85,"endX":634.18,"endY":21.31,"pxEndY":-1,"pxEndX":-1,"cnt":0,"maxB":0,"frozen":false,"attacking":true,"grounded":false,"py":-59.5}
{"t":101,"endX":583.4,"endY":-55.21,"pxEndY":-1,"pxEndX":-1,"cnt":0,"maxB":0,"frozen":false,"attacking":true,"grounded":false,"py":-59.9}
{"t":117,"endX":556.19,"endY":-102.18,"pxEndY":-1,"pxEndX":-1,"cnt":0,"maxB":0,"frozen":false,"attacking":true,"grounded":false,"py":-60.3}
{"t":134,"endX":544.28,"endY":-129.09,"pxEndY":-1,"pxEndX":-1,"cnt":0,"maxB":0,"frozen":false,"attacking":true,"grounded":false,"py":-60.7}
{"t":151,"endX":539.01,"endY":-145.37,"pxEndY":-1,"pxEndX":-1,"cnt":0,"maxB":0,"frozen":false,"attacking":true,"grounded":false,"py":-61.1}
{"t":168,"endX":536.56,"endY":-154.36,"pxEndY":-1,"pxEndX":-1,"cnt":0,"maxB":0,"frozen":false,"attacking":true,"grounded":false,"py":-61.5}
{"t":185,"endX":536.46,"endY":-166.2,"pxEndY":-1,"pxEndX":-1,"cnt":0,"maxB":0,"frozen":false,"attacking":true,"grounded":false,"py":-47.4}
{"t":201,"endX":541.16,"endY":-170.39,"pxEndY":-1,"pxEndX":-1,"cnt":0,"maxB":0,"frozen":false,"attacking":true,"grounded":false,"py":-26.5}
{"t":218,"endX":851.51,"endY":39.44,"pxEndY":-1,"pxEndX":-1,"cnt":0,"maxB":0,"frozen":false,"attacking":true,"grounded":false,"py":-1.6}
{"t":234,"endX":887.92,"endY":80.8,"pxEndY":-1,"pxEndX":-1,"cnt":0,"maxB":0,"frozen":false,"attacking":true,"grounded":false,"py":26.4}
{"t":251,"endX":904.82,"endY":120.35,"pxEndY":-1,"pxEndX":-1,"cnt":0,"maxB":0,"frozen":false,"attacking":true,"grounded":false,"py":57.3}
{"t":267,"endX":912.64,"endY":159.04,"pxEndY":-1,"pxEndX":-1,"cnt":0,"maxB":0,"frozen":false,"attacking":true,"grounded":false,"py":90.9}
{"t":284,"endX":916.75,"endY":196.55,"pxEndY":-1,"pxEndX":-1,"cnt":0,"maxB":0,"frozen":false,"attacking":true,"grounded":false,"py":127.3}
{"t":301,"endX":918.93,"endY":232.52,"pxEndY":114,"pxEndX":908,"cnt":540,"maxB":232,"frozen":false,"attacking":true,"grounded":false,"py":166.3}
{"t":317,"endX":919.71,"endY":267.02,"pxEndY":203,"pxEndX":914,"cnt":2031,"maxB":232,"frozen":false,"attacking":true,"grounded":false,"py":207.9}
{"t":334,"endX":920.35,"endY":306.76,"pxEndY":288,"pxEndX":916,"cnt":3277,"maxB":232,"frozen":false,"attacking":true,"grounded":false,"py":252.3}
{"t":351,"endX":921.53,"endY":352.76,"pxEndY":352,"pxEndX":920,"cnt":3753,"maxB":231,"frozen":false,"attacking":true,"grounded":false,"py":299.3}
{"t":367,"endX":923.07,"endY":401.91,"pxEndY":401,"pxEndX":921,"cnt":3749,"maxB":230,"frozen":false,"attacking":true,"grounded":false,"py":349}
{"t":384,"endX":924.6,"endY":452.02,"pxEndY":451,"pxEndX":921,"cnt":3723,"maxB":228,"frozen":false,"attacking":true,"grounded":true,"py":392}
{"t":401,"endX":926.09,"endY":495.82,"pxEndY":495,"pxEndX":925,"cnt":3737,"maxB":227,"frozen":false,"attacking":true,"grounded":true,"py":392}
{"t":417,"endX":926.92,"endY":500.04,"pxEndY":499,"pxEndX":924,"cnt":3719,"maxB":225,"frozen":false,"attacking":true,"grounded":true,"py":392}
{"t":434,"endX":927.88,"endY":501.7,"pxEndY":476,"pxEndX":927,"cnt":3048,"maxB":219,"frozen":true,"attacking":true,"grounded":true,"py":392}
{"t":452,"endX":927.88,"endY":501.7,"pxEndY":475,"pxEndX":922,"cnt":3035,"maxB":212,"frozen":true,"attacking":true,"grounded":true,"py":392}
{"t":467,"endX":927.88,"endY":501.7,"pxEndY":475,"pxEndX":922,"cnt":3019,"maxB":204,"frozen":true,"attacking":true,"grounded":true,"py":392}
{"t":484,"endX":927.88,"endY":501.7,"pxEndY":475,"pxEndX":922,"cnt":2962,"maxB":196,"frozen":true,"attacking":true,"grounded":true,"py":392}
{"t":501,"endX":927.88,"endY":501.7,"pxEndY":475,"pxEndX":923,"cnt":1570,"maxB":188,"frozen":true,"attacking":true,"grounded":true,"py":392}
{"t":517,"endX":927.88,"endY":501.7,"pxEndY":464,"pxEndX":925,"cnt":522,"maxB":179,"frozen":true,"attacking":true,"grounded":true,"py":392}
{"t":534,"endX":927.88,"endY":501.7,"pxEndY":490,"pxEndX":927,"cnt":599,"maxB":175,"frozen":true,"attacking":false,"grounded":true,"py":392}
{"t":551,"endX":927.88,"endY":501.7,"pxEndY":489,"pxEndX":926,"cnt":502,"maxB":172,"frozen":true,"attacking":false,"grounded":true,"py":392}
{"t":568,"endX":927.88,"endY":501.7,"pxEndY":489,"pxEndX":926,"cnt":335,"maxB":168,"frozen":true,"attacking":false,"grounded":true,"py":392}
{"t":585,"endX":927.88,"endY":501.7,"pxEndY":489,"pxEndX":926,"cnt":185,"maxB":164,"frozen":true,"attacking":false,"grounded":true,"py":392}
{"t":601,"endX":927.88,"endY":501.7,"pxEndY":-1,"pxEndX":-1,"cnt":0,"maxB":0,"frozen":true,"attacking":false,"grounded":true,"py":392}
{"t":618,"endX":927.88,"endY":501.7,"pxEndY":-1,"pxEndX":-1,"cnt":0,"maxB":0,"frozen":true,"attacking":false,"grounded":true,"py":392}
{"t":635,"endX":927.88,"endY":501.7,"pxEndY":-1,"pxEndX":-1,"cnt":0,"maxB":0,"frozen":true,"attacking":false,"grounded":true,"py":392}
{"t":651,"endX":927.88,"endY":501.7,"pxEndY":-1,"pxEndX":-1,"cnt":0,"maxB":0,"frozen":true,"attacking":false,"grounded":true,"py":392}
{"t":668,"endX":927.88,"endY":501.7,"pxEndY":-1,"pxEndX":-1,"cnt":0,"maxB":0,"frozen":true,"attacking":false,"grounded":true,"py":392}
{"t":685,"endX":927.88,"endY":501.7,"pxEndY":-1,"pxEndX":-1,"cnt":0,"maxB":0,"frozen":true,"attacking":false,"grounded":true,"py":392}
{"t":701,"endX":927.88,"endY":501.7,"pxEndY":-1,"pxEndX":-1,"cnt":0,"maxB":0,"frozen":true,"attacking":false,"grounded":true,"py":392}
{"t":718,"endX":927.88,"endY":501.7,"pxEndY":-1,"pxEndX":-1,"cnt":0,"maxB":0,"frozen":true,"attacking":false,"grounded":true,"py":392}
{"t":755,"endX":927.88,"endY":501.7,"pxEndY":-1,"pxEndX":-1,"cnt":0,"maxB":0,"frozen":true,"attacking":false,"grounded":true,"py":392}
{"t":758,"endX":927.88,"endY":501.7,"pxEndY":-1,"pxEndX":-1,"cnt":0,"maxB":0,"frozen":true,"attacking":false,"grounded":true,"py":392}
{"t":768,"endX":927.88,"endY":501.7,"pxEndY":-1,"pxEndX":-1,"cnt":0,"maxB":0,"frozen":true,"attacking":false,"grounded":true,"py":392}
{"t":785,"endX":927.88,"endY":501.7,"pxEndY":-1,"pxEndX":-1,"cnt":0,"maxB":0,"frozen":true,"attacking":false,"grounded":true,"py":392}
{"t":801,"endX":927.88,"endY":501.7,"pxEndY":-1,"pxEndX":-1,"cnt":0,"maxB":0,"frozen":true,"attacking":false,"grounded":true,"py":392}
{"t":818,"endX":927.88,"endY":501.7,"pxEndY":-1,"pxEndX":-1,"cnt":0,"maxB":0,"frozen":true,"attacking":false,"grounded":true,"py":392}
{"t":835,"endX":927.88,"endY":501.7,"pxEndY":-1,"pxEndX":-1,"cnt":0,"maxB":0,"frozen":true,"attacking":false,"grounded":true,"py":392}
{"t":851,"endX":927.88,"endY":501.7,"pxEndY":-1,"pxEndX":-1,"cnt":0,"maxB":0,"frozen":true,"attacking":false,"grounded":true,"py":392}
{"t":868,"endX":927.88,"endY":501.7,"pxEndY":-1,"pxEndX":-1,"cnt":0,"maxB":0,"frozen":true,"attacking":false,"grounded":true,"py":392}
{"t":885,"endX":927.88,"endY":501.7,"pxEndY":-1,"pxEndX":-1,"cnt":0,"maxB":0,"frozen":true,"attacking":false,"grounded":true,"py":392}
{"t":901,"endX":927.88,"endY":501.7,"pxEndY":-1,"pxEndX":-1,"cnt":0,"maxB":0,"frozen":true,"attacking":false,"grounded":true,"py":392}
{"t":918,"endX":927.88,"endY":501.7,"pxEndY":-1,"pxEndX":-1,"cnt":0,"maxB":0,"frozen":true,"attacking":false,"grounded":true,"py":392}
{"t":935,"endX":927.88,"endY":501.7,"pxEndY":-1,"pxEndX":-1,"cnt":0,"maxB":0,"frozen":true,"attacking":false,"grounded":true,"py":392}
{"t":951,"endX":927.88,"endY":501.7,"pxEndY":-1,"pxEndX":-1,"cnt":0,"maxB":0,"frozen":true,"attacking":false,"grounded":true,"py":392}
{"t":968,"endX":927.88,"endY":501.7,"pxEndY":-1,"pxEndX":-1,"cnt":0,"maxB":0,"frozen":true,"attacking":false,"grounded":true,"py":392}
{"t":985,"endX":927.88,"endY":501.7,"pxEndY":-1,"pxEndX":-1,"cnt":0,"maxB":0,"frozen":true,"attacking":false,"grounded":true,"py":392}
{"t":1001,"endX":927.88,"endY":501.7,"pxEndY":-1,"pxEndX":-1,"cnt":0,"maxB":0,"frozen":true,"attacking":false,"grounded":true,"py":392}
{"t":1018,"endX":927.88,"endY":501.7,"pxEndY":-1,"pxEndX":-1,"cnt":0,"maxB":0,"frozen":true,"attacking":false,"grounded":true,"py":392}
{"t":1035,"endX":927.88,"endY":501.7,"pxEndY":-1,"pxEndX":-1,"cnt":0,"maxB":0,"frozen":true,"attacking":false,"grounded":true,"py":392}
{"t":1051,"endX":927.88,"endY":501.7,"pxEndY":-1,"pxEndX":-1,"cnt":0,"maxB":0,"frozen":true,"attacking":false,"grounded":true,"py":392}
{"t":1068,"endX":927.88,"endY":501.7,"pxEndY":-1,"pxEndX":-1,"cnt":0,"maxB":0,"frozen":true,"attacking":false,"grounded":true,"py":392}
{"t":1085,"endX":927.88,"endY":501.7,"pxEndY":-1,"pxEndX":-1,"cnt":0,"maxB":0,"frozen":true,"attacking":false,"grounded":true,"py":392}
{"t":1101,"endX":927.88,"endY":501.7,"pxEndY":-1,"pxEndX":-1,"cnt":0,"maxB":0,"frozen":true,"attacking":false,"grounded":true,"py":392}
{"t":1118,"endX":927.88,"endY":501.7,"pxEndY":-1,"pxEndX":-1,"cnt":0,"maxB":0,"frozen":true,"attacking":false,"grounded":true,"py":392}
{"t":1135,"endX":927.88,"endY":501.7,"pxEndY":-1,"pxEndX":-1,"cnt":0,"maxB":0,"frozen":true,"attacking":false,"grounded":true,"py":392}
{"t":1151,"endX":927.88,"endY":501.7,"pxEndY":-1,"pxEndX":-1,"cnt":0,"maxB":0,"frozen":true,"attacking":false,"grounded":true,"py":392}
{"t":1168,"endX":927.88,"endY":501.7,"pxEndY":-1,"pxEndX":-1,"cnt":0,"maxB":0,"frozen":true,"attacking":false,"grounded":true,"py":392}
{"t":1185,"endX":927.88,"endY":501.7,"pxEndY":-1,"pxEndX":-1,"cnt":0,"maxB":0,"frozen":true,"attacking":false,"grounded":true,"py":392}
{"t":1201,"endX":927.88,"endY":501.7,"pxEndY":-1,"pxEndX":-1,"cnt":0,"maxB":0,"frozen":true,"attacking":false,"grounded":true,"py":392}
{"t":1218,"endX":927.88,"endY":501.7,"pxEndY":-1,"pxEndX":-1,"cnt":0,"maxB":0,"frozen":true,"attacking":false,"grounded":true,"py":392}
{"t":1235,"endX":927.88,"endY":501.7,"pxEndY":-1,"pxEndX":-1,"cnt":0,"maxB":0,"frozen":true,"attacking":false,"grounded":true,"py":392}
{"t":1251,"endX":927.88,"endY":501.7,"pxEndY":-1,"pxEndX":-1,"cnt":0,"maxB":0,"frozen":true,"attacking":false,"grounded":true,"py":392}
{"t":1268,"endX":927.88,"endY":501.7,"pxEndY":-1,"pxEndX":-1,"cnt":0,"maxB":0,"frozen":true,"attacking":false,"grounded":true,"py":392}
{"t":1285,"endX":927.88,"endY":501.7,"pxEndY":-1,"pxEndX":-1,"cnt":0,"maxB":0,"frozen":true,"attacking":false,"grounded":true,"py":392}
{"t":1301,"endX":927.88,"endY":501.7,"pxEndY":-1,"pxEndX":-1,"cnt":0,"maxB":0,"frozen":true,"attacking":false,"grounded":true,"py":392}
{"t":1318,"endX":927.88,"endY":501.7,"pxEndY":-1,"pxEndX":-1,"cnt":0,"maxB":0,"frozen":true,"attacking":false,"grounded":true,"py":392}
{"t":1335,"endX":927.88,"endY":501.7,"pxEndY":-1,"pxEndX":-1,"cnt":0,"maxB":0,"frozen":true,"attacking":false,"grounded":true,"py":392}
{"t":1351,"endX":927.88,"endY":501.7,"pxEndY":-1,"pxEndX":-1,"cnt":0,"maxB":0,"frozen":true,"attacking":false,"grounded":true,"py":392}
{"t":1368,"endX":927.88,"endY":501.7,"pxEndY":-1,"pxEndX":-1,"cnt":0,"maxB":0,"frozen":true,"attacking":false,"grounded":true,"py":392}
{"t":1385,"endX":927.88,"endY":501.7,"pxEndY":-1,"pxEndX":-1,"cnt":0,"maxB":0,"frozen":true,"attacking":false,"grounded":true,"py":392}
{"t":1401,"endX":927.88,"endY":501.7,"pxEndY":-1,"pxEndX":-1,"cnt":0,"maxB":0,"frozen":true,"attacking":false,"grounded":true,"py":392}
{"t":1418,"endX":927.88,"endY":501.7,"pxEndY":-1,"pxEndX":-1,"cnt":0,"maxB":0,"frozen":true,"attacking":false,"grounded":true,"py":392}
{"t":1435,"endX":927.88,"endY":501.7,"pxEndY":-1,"pxEndX":-1,"cnt":0,"maxB":0,"frozen":true,"attacking":false,"grounded":true,"py":392}
{"t":1451,"endX":927.88,"endY":501.7,"pxEndY":-1,"pxEndX":-1,"cnt":0,"maxB":0,"frozen":true,"attacking":false,"grounded":true,"py":392}
{"t":1468,"endX":927.88,"endY":501.7,"pxEndY":-1,"pxEndX":-1,"cnt":0,"maxB":0,"frozen":true,"attacking":false,"grounded":true,"py":392}
{"t":1485,"endX":927.88,"endY":501.7,"pxEndY":-1,"pxEndX":-1,"cnt":0,"maxB":0,"frozen":true,"attacking":false,"grounded":true,"py":392}
{"t":1501,"endX":927.88,"endY":501.7,"pxEndY":-1,"pxEndX":-1,"cnt":0,"maxB":0,"frozen":true,"attacking":false,"grounded":true,"py":392}
{"t":1518,"endX":927.88,"endY":501.7,"pxEndY":-1,"pxEndX":-1,"cnt":0,"maxB":0,"frozen":true,"attacking":false,"grounded":true,"py":392}
{"t":1535,"endX":927.88,"endY":501.7,"pxEndY":-1,"pxEndX":-1,"cnt":0,"maxB":0,"frozen":true,"attacking":false,"grounded":true,"py":392}
{"t":1551,"endX":927.88,"endY":501.7,"pxEndY":-1,"pxEndX":-1,"cnt":0,"maxB":0,"frozen":true,"attacking":false,"grounded":true,"py":392}
{"t":1568,"endX":927.88,"endY":501.7,"pxEndY":-1,"pxEndX":-1,"cnt":0,"maxB":0,"frozen":true,"attacking":false,"grounded":true,"py":392}
{"t":1585,"endX":927.88,"endY":501.7,"pxEndY":-1,"pxEndX":-1,"cnt":0,"maxB":0,"frozen":true,"attacking":false,"grounded":true,"py":392}
{"t":1601,"endX":927.88,"endY":501.7,"pxEndY":-1,"pxEndX":-1,"cnt":0,"maxB":0,"frozen":true,"attacking":false,"grounded":true,"py":392}
{"t":1618,"endX":927.88,"endY":501.7,"pxEndY":-1,"pxEndX":-1,"cnt":0,"maxB":0,"frozen":true,"attacking":false,"grounded":true,"py":392}
{"t":1635,"endX":927.88,"endY":501.7,"pxEndY":-1,"pxEndX":-1,"cnt":0,"maxB":0,"frozen":true,"attacking":false,"grounded":true,"py":392}
{"t":1651,"endX":927.88,"endY":501.7,"pxEndY":-1,"pxEndX":-1,"cnt":0,"maxB":0,"frozen":true,"attacking":false,"grounded":true,"py":392}
{"t":1668,"endX":927.88,"endY":501.7,"pxEndY":-1,"pxEndX":-1,"cnt":0,"maxB":0,"frozen":true,"attacking":false,"grounded":true,"py":392}
{"t":1685,"endX":927.88,"endY":501.7,"pxEndY":-1,"pxEndX":-1,"cnt":0,"maxB":0,"frozen":true,"attacking":false,"grounded":true,"py":392}
{"t":1701,"endX":927.88,"endY":501.7,"pxEndY":-1,"pxEndX":-1,"cnt":0,"maxB":0,"frozen":true,"attacking":false,"grounded":true,"py":392}
{"t":1718,"endX":927.88,"endY":501.7,"pxEndY":-1,"pxEndX":-1,"cnt":0,"maxB":0,"frozen":true,"attacking":false,"grounded":true,"py":392}
{"t":1735,"endX":927.88,"endY":501.7,"pxEndY":-1,"pxEndX":-1,"cnt":0,"maxB":0,"frozen":true,"attacking":false,"grounded":true,"py":392}
{"t":1751,"endX":927.88,"endY":501.7,"pxEndY":-1,"pxEndX":-1,"cnt":0,"maxB":0,"frozen":true,"attacking":false,"grounded":true,"py":392}
{"t":1768,"endX":927.88,"endY":501.7,"pxEndY":-1,"pxEndX":-1,"cnt":0,"maxB":0,"frozen":true,"attacking":false,"grounded":true,"py":392}
{"t":1785,"endX":927.88,"endY":501.7,"pxEndY":-1,"pxEndX":-1,"cnt":0,"maxB":0,"frozen":true,"attacking":false,"grounded":true,"py":392}
{"t":1802,"endX":927.88,"endY":501.7,"pxEndY":-1,"pxEndX":-1,"cnt":0,"maxB":0,"frozen":true,"attacking":false,"grounded":true,"py":392}
{"t":1818,"endX":927.88,"endY":501.7,"pxEndY":-1,"pxEndX":-1,"cnt":0,"maxB":0,"frozen":true,"attacking":false,"grounded":true,"py":392}
{"t":1835,"endX":927.88,"endY":501.7,"pxEndY":-1,"pxEndX":-1,"cnt":0,"maxB":0,"frozen":true,"attacking":false,"grounded":true,"py":392}
{"t":1851,"endX":927.88,"endY":501.7,"pxEndY":-1,"pxEndX":-1,"cnt":0,"maxB":0,"frozen":true,"attacking":false,"grounded":true,"py":392}
{"t":1868,"endX":927.88,"endY":501.7,"pxEndY":-1,"pxEndX":-1,"cnt":0,"maxB":0,"frozen":true,"attacking":false,"grounded":true,"py":392}
{"t":1885,"endX":927.88,"endY":501.7,"pxEndY":-1,"pxEndX":-1,"cnt":0,"maxB":0,"frozen":true,"attacking":false,"grounded":true,"py":392}
{"t":1901,"endX":927.88,"endY":501.7,"pxEndY":-1,"pxEndX":-1,"cnt":0,"maxB":0,"frozen":true,"attacking":false,"grounded":true,"py":392}
{"t":1918,"endX":927.88,"endY":501.7,"pxEndY":-1,"pxEndX":-1,"cnt":0,"maxB":0,"frozen":true,"attacking":false,"grounded":true,"py":392}
{"t":1935,"endX":927.88,"endY":501.7,"pxEndY":-1,"pxEndX":-1,"cnt":0,"maxB":0,"frozen":true,"attacking":false,"grounded":true,"py":392}
{"t":1951,"endX":927.88,"endY":501.7,"pxEndY":-1,"pxEndX":-1,"cnt":0,"maxB":0,"frozen":true,"attacking":false,"grounded":true,"py":392}
{"t":1968,"endX":927.88,"endY":501.7,"pxEndY":-1,"pxEndX":-1,"cnt":0,"maxB":0,"frozen":true,"attacking":false,"grounded":true,"py":392}
{"t":1985,"endX":927.88,"endY":501.7,"pxEndY":-1,"pxEndX":-1,"cnt":0,"maxB":0,"frozen":true,"attacking":false,"grounded":true,"py":392}
{"t":2002,"endX":927.88,"endY":501.7,"pxEndY":-1,"pxEndX":-1,"cnt":0,"maxB":0,"frozen":true,"attacking":false,"grounded":true,"py":392}
SUMMARY {"char":"shogun","scenario":"air","analyticEndOsc":{"flips":1,"maxAmp":41.4},"pixelEndOsc":{"flips":3,"maxAmp":26},"frames":118}
